<!DOCTYPE html>
<html>
	<head>
        <meta http-equiv="content-type" content="text/html; charset=UTF-8" />
		<title>Unnamed project Test Execution Report</title>
        <script type="text/javascript" src="http://code.jquery.com/jquery-1.6.2.min.js"></script>
        <script type="text/javascript">
            /**
            * jQuery.fn.sortElements
            * --------------
            * #author James Padolsey (http://james.padolsey.com)
            * #version 0.11
            * #updated 18-MAR-2010
            * #url https://raw.github.com/jamespadolsey/jQuery-Plugins/master/sortElements/jquery.sortElements.js
            * --------------
            * #param Function comparator:
            *   Exactly the same behaviour as [1,2,3].sort(comparator)
            *   
            * #param Function getSortable
            *   A function that should return the element that is
            *   to be sorted. The comparator will run on the
            *   current collection, but you may want the actual
            *   resulting sort to occur on a parent or another
            *   associated element.
            *   
            *   E.g. $('td').sortElements(comparator, function(){
            *      return this.parentNode; 
            *   })
            *   
            *   The <td>'s parent (<tr>) will be sorted instead
            *   of the <td> itself.
            */
            jQuery.fn.sortElements = (function () {

                var sort = [].sort;

                return function (comparator, getSortable) {

                    getSortable = getSortable || function () { return this; };

                    var placements = this.map(function () {

                        var sortElement = getSortable.call(this),
                parentNode = sortElement.parentNode,

                        // Since the element itself will change position, we have
                        // to have some way of storing it's original position in
                        // the DOM. The easiest way is to have a 'flag' node:
                nextSibling = parentNode.insertBefore(
                    document.createTextNode(''),
                    sortElement.nextSibling
                );

                        return function () {

                            if (parentNode === this) {
                                throw new Error(
                        "You can't sort elements if any one is a descendant of another."
                    );
                            }

                            // Insert before flag:
                            parentNode.insertBefore(this, nextSibling);
                            // Remove flag:
                            parentNode.removeChild(nextSibling);

                        };

                    });

                    return sort.call(this, comparator).each(function (i) {
                        placements[i].call(getSortable.call(this));
                    });

                };

            })();
        </script>
        <script type="text/javascript">
            jQuery.fn.setBarSizes = (function () {
                return function (metricName, maxBarSize, min) {
                    var max = Math.max.apply(Math, $.makeArray($(this).map(function () { return Number($(this).attr('data-sr-' + metricName)); })));
                    var scale = 1.0;
                    while (max > 0.0 && max <= 10.0) {
                        scale = scale * 10.0;
                        max = max * 10.0;
                    }
                    max = (Math.ceil(max / 2) * 2) / scale;

                    this.each(function () {
                        var barAnchor = $(this).find('a');
                        var actual = $(this).attr('data-sr-' + metricName);
                        var newHeight = Math.max(Math.round(maxBarSize * (actual - min) / (max - min)), 2);
                        barAnchor.css({ height: newHeight });
                    });

                    var unit = "";
                    if (metricName.substr(metricName.length - 4, 4) === "time")
                        unit = "s";

                    $('#testview .scale-min-label').each(function () {
                        $(this).text(min.toString() + unit);
                    });
                    $('#testview .scale-max-label').each(function () {
                        $(this).text(max.toString() + unit);
                    });
                    var mid = max / 2;
                    $('#testview .scale-mid-label').each(function () {
                        $(this).text(mid.toString() + unit);
                    });
                };
            })();

            function getComparer(metricName, isDesc) {
                return function (a, b) {
                    var aNumber = Number($(a).attr('data-sr-' + metricName));
                    var bNumber = Number($(b).attr('data-sr-' + metricName));
                    var result = aNumber > bNumber ? 1 : (aNumber < bNumber ? -1 : 0);
                    if (isDesc)
                        result = -1 * result;

                    if (result == 0 && metricName != "order")
                        result = getComparer("order", false)(a, b);

                    return result;
                };
            }

            var currentSort = "";
            function doSort(allowToggleDesc) {
                var newSort = $("input[name='barSortOrder']:checked").val();
                if (allowToggleDesc && currentSort == newSort) {
                    $('#barSortDesc').click();
                    doSort(false);
                    return;
                }
                currentSort = newSort;
                $('#testview td.testview-item').sortElements(getComparer(newSort, $('#barSortDesc').is(':checked')));
            }


            function doSetHeights(allowSort) {
                var selectedMetric = $("input[name='barHeight']:checked").val();
                $('#testview td.testview-item').setBarSizes(selectedMetric, 60, 0.0);

                if (allowSort && currentSort != selectedMetric) {
                    var $radios = $("input[name='barSortOrder']");
                    $radios.filter('[value=' + selectedMetric + ']').attr('checked', true);
                    $("#barSortDesc").attr("checked", [true]);
                    doSort(false);
                }
            }

            $(document).ready(function () {
                $("input[name='barSortOrder']").click(function () { doSort(true); return true; });
                $("input[name='barSortDesc']").change(function () { doSort(false); });
                $("input[name='barHeight']").change(function () { doSetHeights(true); });

                doSort(false);
                doSetHeights(false);

                $("div.scrollable").css({ 'overflow': 'auto' });
            });
        </script>

        <style type="text/css">
            body 
            {
                color: #000000;
                font-family: Arial,Liberation Sans,DejaVu Sans,sans-serif;
                line-height: 130%;
            }
            h1 {
                font-family: Trebuchet MS,Liberation Sans,DejaVu Sans,sans-serif;
                font-size: 170%;
                font-weight: bold;
            }            
            h2 {
                font-family: Trebuchet MS,Liberation Sans,DejaVu Sans,sans-serif;
                font-size: 130%;
                font-weight: bold;
                margin-bottom: 5px;
            }            
            h3 {
                font-family: Trebuchet MS,Liberation Sans,DejaVu Sans,sans-serif;
                font-size: 120%;
                font-weight: bold;
                margin-bottom: 5px;
            }            
            a.bar
            {
                text-decoration: none;
                display: block;
                line-height: 1px;
            }
            .description
            {
                font-style: italic;
            }
            .log 
            {
                width: 600px;
                white-space: pre-wrap;
                display: block;
                margin: 0px;
            }
            .errorMessage 
            {
                width: 600px;
                color: Red;
                font-weight: bold;
            }
            .stackTrace 
            {
                width: 600px;
                white-space: pre-wrap;
                font-style: italic;
                color: Red;
                display: block;
            }
            table.testEvents
            {
                border: solid 1px #e8eef4;
                border-collapse: collapse;
            }
            table.testEvents td
            {
                vertical-align: top;
                padding: 5px;
                border: solid 1px #e8eef4;
            }
            table.testEvents th
            {
                padding: 6px 5px;
                text-align: left;
                background-color: #e8eef4;
                border: solid 1px #e8eef4;                
            }
            .comment
            {
                font-style: italic;
                font-size: smaller;
            }
            .startupBar
            {
                background-color: #EEEEEE;
                cursor: default;
            }
            
            .colorSucceeded
            {
                background-color: #90ED7B;
            }
            .colorIgnored
            {
                background-color: #FFFF85;
            }
            .colorPending
            {
                background-color: #D47BED;
            }
            .colorNothingToRun
            {
                background-color: #CCCCFF;
            }
            .colorSkipped
            {
                background-color: #CCCCFF;
            }
            .colorInconclusive
            {
                background-color: #7BEDED;
            }
            .colorCleanupFailed
            {
                background-color: #FFCCCC;
            }
            .colorRandomlyFailed
            {
                background-color: #EDB07B;
            }
            .colorFailed
            {
                background-color: #ED5F5F;
            }
            .colorInitializationFailed
            {
                background-color: #FF0000;
            }
            .colorFrameworkError
            {
                background-color: #FF0000;
            }
            ul.subNodeLinks
            {
                padding-left: 20px;
                margin: 0px;
            }
            ul.subNodeLinks li
            {
                list-style: none;
            }
            
            /* views general */
            div.scrollable
            {
                /*overflow: auto; - thsi has to be set from js, because of an IE9 bug */
            }
            div.viewbox
            {
                position: relative;
                border: 3px solid #e8eef4;
            }
            div.viewbox table
            {
                border: 0px;
            }
                        
            /* testview */
            #testview
            {
                padding-top: 23px;
            }
            
            table.testview-items td
            {
                vertical-align: bottom;
                padding: 0px 1px 0px 1px;
            }
            td.right-padding, td.left-padding
            {
                width: 25px;
                min-width: 25px;
            }
            table.testview-items a.bar
            {
                width: 5px;
            }
            table.testview-items tr.testview-items-row
            {
                height: 60px;
            }
            
            /* scale */
            table.vertical-scale 
            {
                position: absolute;
                top: 23px;
                left: 0px;
                width: 100%;
                z-index: -100;
            }
            table.vertical-scale td, tr.horizontal-scale td
            {
                font-size: 60%;
                line-height: normal;
            }
            table.vertical-scale tr.scale-max, table.vertical-scale tr.scale-mid 
            {
                height: 30px;
            }
            tr.horizontal-scale, table.vertical-scale tr.scale-min 
            {
                height: 12px;
            }
            
            td.scale-max-label, td.scale-mid-label, td.scale-min-label
            {
                border-top: solid 1px #E6E6E6;
                text-align: left;
                vertical-align: top;
            }
            td.scale-10-label
            {
                border-left: solid 1px #E6E6E6;
                text-align: left;
                vertical-align: bottom;
                padding-left: 1px;
            }
            tr.scale-mid td, tr.scale-min td, tr.scale-max td
            {
                border-top: solid 1px #E6E6E6;
            }
           
            
            /* bar-control */
            #bar-control
            {
                font-size: 60%;
                line-height: normal;
                position: absolute;
                right: 0px;
                top: 0px;
            }
            #bar-control label
            {
                font-weight: bold;
                vertical-align: middle;
            }
            #bar-control .option
            {
                vertical-align: middle;
                text-transform: lowercase;
            }
            #bar-control input[type="checkbox"]
            {
                padding: 0 2px 0 3px;
            }
            #bar-control input
            {
                vertical-align: top;
                height: 12px;
                margin: 0px;
                padding: 0px;
            }
            #bar-control div
            {
                float: right;
                margin: 3px 5px 3px 5px;
            }

            /* timeline view */
            #timelineview
            {
                padding-top: 5px;
            }
            table.timelineview a
            {
                height: 20px;
            }
            table.timelineview td
            {
                vertical-align: bottom;
                padding: 0px 1px 0px 0px;
                border: 0px;
            }
            tr.thread-items-row
            {
                height: 25px;
            }
            tr.thread-items-row td
            {
                vertical-align: bottom;
            }
            td.thread-label
            {
                padding: 0px 6px 0px 6px;
                text-align: right;
                line-height: 18px;
                vertical-align: bottom;
            }
            th.thread-label
            {
                padding: 3px 6px 0px 6px;
                line-height: 18px;
                text-align: left;
                vertical-align: bottom;
            }
        </style>
	</head>
	<body>
        <h1>Unnamed project Test Execution Report</h1>
        
    <ul>
        <li>Project: Unnamed project</li>
        <li>Configuration: </li>
        <li>Test Assemblies: C:\Users\fouca\source\repos\esgi_bdd\Calculator\SpecFlowCalculator.Specs\bin\Debug\netcoreapp3.1\SpecFlowCalculator.Specs.dll</li>
        <li>Start Time: 11/01/2022 11:55:47</li>
        <li>Duration: 00:00:01.9457786</li>
        <li>Test Threads: 1</li>
    </ul>


        <h2>Result: 3 failed</h2>
        <table class="testEvents">
                <tr>
        <th colspan="2">Success rate</th>
        <th>Tests</th>
        <th>Succeeded</th>
        <th>Failed</th>
        <th>Pending</th>
        <th>Ignored</th>
        <th>Skipped</th>
    </tr>

                <td>
            0%
    </td>
    <td>
            <table class="timelineview" cellpadding="0" cellspacing="0">
        <tr>
    <td>
        <a class="bar colorFailed" 
           style="width: 119px;" 
           title="3 failed" 
                          href="#error_summary"
        ></a>
    </td>
    <td>
        <a class="bar colorSkipped" 
           style="width: 79px;" 
           title="2 skipped" 
                   ></a>
    </td>
        </tr>
    </table>

    </td>
    <td>5 (test executions: 9)</td>
    <td>0</td>
    <td>3</td>
    <td>0</td>
    <td>0</td>
    <td>2</td>

        </table>
        
        <h2>Test Timeline Summary</h2>

        <div id="timelineview" class="viewbox">
            <div class="scrollable">
                <table cellpadding="0" cellspacing="0">
                    <tr>
                        <th class="thread-label" colspan="2">thread</th>
                    </tr>
                        <tr class="thread-items-row">
                            <td class="thread-label" title="Machine: LAPTOP-ENZO">#0</td>
                            <td colspan="1">
                                <table class="timelineview" cellpadding="0" cellspacing="0">
                                    <tr>

                                            <td>
        <a
            class="bar startupBar" 
            style="width: 3px;" 
                title="test thread startup" 
        >&nbsp;</a>
    </td>

    <td>
        <a
            class="bar colorFailed" 
            style="width: 54px;" 
                title="Add two numbers (in Calculator)" 
                href="#t170374251.0"
        >&nbsp;</a>
    </td>
    <td>
        <a
            class="bar colorFailed" 
            style="width: 3px;" 
                title="Add two numbers (in Calculator) retry #1" 
                href="#t170374251.1"
        >&nbsp;</a>
    </td>
    <td>
        <a
            class="bar colorFailed" 
            style="width: 3px;" 
                title="Add two numbers (in Calculator) retry #2" 
                href="#t170374251.2"
        >&nbsp;</a>
    </td>
    <td>
        <a
            class="bar colorFailed" 
            style="width: 3px;" 
                title="Multiple two numbers (in Calculator)" 
                href="#t-1688975704.0"
        >&nbsp;</a>
    </td>
    <td>
        <a
            class="bar colorFailed" 
            style="width: 3px;" 
                title="Multiple two numbers (in Calculator) retry #1" 
                href="#t-1688975704.1"
        >&nbsp;</a>
    </td>
    <td>
        <a
            class="bar colorFailed" 
            style="width: 3px;" 
                title="Multiple two numbers (in Calculator) retry #2" 
                href="#t-1688975704.2"
        >&nbsp;</a>
    </td>
    <td>
        <a
            class="bar colorFailed" 
            style="width: 3px;" 
                title="Divide two random numbers (in Calculator)" 
                href="#t1673231772.0"
        >&nbsp;</a>
    </td>
                                    </tr>
                                </table>
                            </td>
                        </tr>
                    <tr class="horizontal-scale">
                        <td>&nbsp;</td>
                        <td class="scale-10-label">0s</td>
                    </tr>
                </table>
            </div>
        </div>

        
    <h2>Test Result View</h2>
    <div id="testview" class="viewbox">
        <div id="bar-control">
            <div id="bar-control-sort">
                <label>sort by:</label>
                <span class="option"><input type="radio" name="barSortOrder" value="exectime" />Time</span>
                <span class="option"><input type="radio" name="barSortOrder" value="acttime" />Act Time</span>
                <span class="option"><input type="radio" name="barSortOrder" value="order" />Execution</span>
                <span class="option"><input type="radio" name="barSortOrder" value="rescode" checked="checked" />Result</span>
                <span class="option"><input type="checkbox" name="barSortDesc" id="barSortDesc" checked="checked" />desc</span>
            </div>
            <div id="bar-control-heights">
                <label>heights:</label>
                <span class="option"><input type="radio" checked="checked" name="barHeight" value="exectime" />Time</span>
                <span class="option"><input type="radio" name="barHeight" value="acttime" />Act Time</span>
            </div>
        </div>
        <table class="vertical-scale" cellpadding="0" cellspacing="0">
            <tr class="scale-max">
                <td class="left-padding scale-max-label">&nbsp;</td>
                <td colspan="9">&nbsp;</td>
                <td class="right-padding">&nbsp;</td>
            </tr>
            <tr class="scale-mid">
                <td class="left-padding scale-mid-label">&nbsp;</td>
                <td colspan="9">&nbsp;</td>
                <td class="right-padding">&nbsp;</td>
            </tr>
            <tr class="scale-min">
                <td class="left-padding scale-min-label">&nbsp;</td>
                <td colspan="9">&nbsp;</td>
                <td class="right-padding">&nbsp;</td>
            </tr>
        </table>
        <div class="scrollable">
            <table class="testview-items" cellpadding="0" cellspacing="0">
                <tr class="testview-items-row">
                    <td class="left-padding">&nbsp;</td>
    <td class="testview-item" 
        data-sr-exectime="2.81E-05" data-sr-rescode="420" data-sr-order="7" data-sr-acttime="0.0">
        <a
            class="bar colorSkipped" 
            style="height: 2px;"
            title="Divide with 0 in dividend (in Calculator)"
            href="#t-1301904171.0">&nbsp;</a>
    </td>
    <td class="testview-item" 
        data-sr-exectime="4.2E-06" data-sr-rescode="420" data-sr-order="8" data-sr-acttime="0.0">
        <a
            class="bar colorSkipped" 
            style="height: 2px;"
            title="Divide with 0 in divisor (in Calculator)"
            href="#t1970135644.0">&nbsp;</a>
    </td>
    <td class="testview-item" 
        data-sr-exectime="0.3649186" data-sr-rescode="540" data-sr-order="0" data-sr-acttime="0.004">
        <a
            class="bar colorFailed" 
            style="height: 60px;"
            title="Add two numbers (in Calculator)"
            href="#t170374251.0">&nbsp;</a>
    </td>
    <td class="testview-item" 
        data-sr-exectime="0.0138539" data-sr-rescode="540" data-sr-order="1" data-sr-acttime="0.001">
        <a
            class="bar colorFailed" 
            style="height: 2px;"
            title="Add two numbers (in Calculator) retry #1"
            href="#t170374251.1">&nbsp;</a>
    </td>
    <td class="testview-item" 
        data-sr-exectime="0.0196259" data-sr-rescode="540" data-sr-order="2" data-sr-acttime="0.001">
        <a
            class="bar colorFailed" 
            style="height: 3px;"
            title="Add two numbers (in Calculator) retry #2"
            href="#t170374251.2">&nbsp;</a>
    </td>
    <td class="testview-item" 
        data-sr-exectime="0.0128404" data-sr-rescode="540" data-sr-order="3" data-sr-acttime="0.002">
        <a
            class="bar colorFailed" 
            style="height: 2px;"
            title="Multiple two numbers (in Calculator)"
            href="#t-1688975704.0">&nbsp;</a>
    </td>
    <td class="testview-item" 
        data-sr-exectime="0.0111388" data-sr-rescode="540" data-sr-order="4" data-sr-acttime="0.002">
        <a
            class="bar colorFailed" 
            style="height: 2px;"
            title="Multiple two numbers (in Calculator) retry #1"
            href="#t-1688975704.1">&nbsp;</a>
    </td>
    <td class="testview-item" 
        data-sr-exectime="0.0110037" data-sr-rescode="540" data-sr-order="5" data-sr-acttime="0.001">
        <a
            class="bar colorFailed" 
            style="height: 2px;"
            title="Multiple two numbers (in Calculator) retry #2"
            href="#t-1688975704.2">&nbsp;</a>
    </td>
    <td class="testview-item" 
        data-sr-exectime="0.0137189" data-sr-rescode="540" data-sr-order="6" data-sr-acttime="0.002">
        <a
            class="bar colorFailed" 
            style="height: 2px;"
            title="Divide two random numbers (in Calculator)"
            href="#t1673231772.0">&nbsp;</a>
    </td>
                    <td class="right-padding">&nbsp;</td>
                </tr>
                <tr class="horizontal-scale">
                    <td class="left-padding">&nbsp;</td>
                    <td colspan="10">&nbsp;</td>
                </tr>
            </table>
        </div>
    </div>

        
        
    <h2>Feature Summary</h2>
    <table class="testEvents">
            <tr>
            <th>Feature</th>
        <th colspan="2">Success rate</th>
        <th>Tests</th>
        <th>Succeeded</th>
        <th>Failed</th>
        <th>Pending</th>
        <th>Ignored</th>
        <th>Skipped</th>
            <th>Duration</th>
    </tr>


            <tr>
                <td><a href="#f2091365062">Calculator</a></td>
                    <td>
            0%
    </td>
    <td>
            <table class="timelineview" cellpadding="0" cellspacing="0">
        <tr>
    <td>
        <a class="bar colorFailed" 
           style="width: 279px;" 
           title="3 failed" 
                          href="#error_summary"
        ></a>
    </td>
    <td>
        <a class="bar colorSkipped" 
           style="width: 79px;" 
           title="2 skipped" 
                   ></a>
    </td>
        </tr>
    </table>

    </td>
    <td>5 (test executions: 9)</td>
    <td>0</td>
    <td>7</td>
    <td>0</td>
    <td>0</td>
    <td>2</td>
        <td>00:00:00.4471325</td>

            </tr>
    </table>


        <a name="error_summary" />
        <h2>Error Summary</h2>
        <table class="testEvents">
                <tr>
            <th>Test</th>
        <th colspan="2">Success rate</th>
        <th>Tests</th>
        <th>Succeeded</th>
        <th>Failed</th>
        <th>Pending</th>
        <th>Ignored</th>
        <th>Skipped</th>
    </tr>

                <tr>
                    <td>
                        <a href="#t170374251.0">Add two numbers (in SpecFlowCalculator.Specs, Calculator)</a>
                            <a href="#t170374251.1">retry #1</a>
                            <a href="#t170374251.2">retry #2</a>
                    </td>
                        <td>
            0%
    </td>
    <td>
            <table class="timelineview" cellpadding="0" cellspacing="0">
        <tr>
    <td>
        <a class="bar colorFailed" 
           style="width: 599px;" 
           title="1 failed" 
                          href="#error_summary"
        ></a>
    </td>
        </tr>
    </table>

    </td>
    <td>1 (test executions: 3)</td>
    <td>0</td>
    <td>3</td>
    <td>0</td>
    <td>0</td>
    <td>0</td>

                </tr>
                <tr>
                    <td colspan="9" style="padding-left: 20px;"><div class="errorMessage">Error: Expected _result to be &quot;&quot;120&quot;&quot; with a length of 5, but &quot;120&quot; has a length of 3, differs near &quot;120&quot; (index 0).</div></td>
                </tr>
                <tr>
                    <td>
                        <a href="#t-1688975704.0">Multiple two numbers (in SpecFlowCalculator.Specs, Calculator)</a>
                            <a href="#t-1688975704.1">retry #1</a>
                            <a href="#t-1688975704.2">retry #2</a>
                    </td>
                        <td>
            0%
    </td>
    <td>
            <table class="timelineview" cellpadding="0" cellspacing="0">
        <tr>
    <td>
        <a class="bar colorFailed" 
           style="width: 599px;" 
           title="1 failed" 
                          href="#error_summary"
        ></a>
    </td>
        </tr>
    </table>

    </td>
    <td>1 (test executions: 3)</td>
    <td>0</td>
    <td>3</td>
    <td>0</td>
    <td>0</td>
    <td>0</td>

                </tr>
                <tr>
                    <td colspan="9" style="padding-left: 20px;"><div class="errorMessage">Error: Expected _result to be &quot;&quot;20&quot;&quot; with a length of 4, but &quot;20&quot; has a length of 2, differs near &quot;20&quot; (index 0).</div></td>
                </tr>
                <tr>
                    <td>
                        <a href="#t1673231772.0">Divide two random numbers (in SpecFlowCalculator.Specs, Calculator)</a>
                    </td>
                        <td>
            0%
    </td>
    <td>
            <table class="timelineview" cellpadding="0" cellspacing="0">
        <tr>
    <td>
        <a class="bar colorFailed" 
           style="width: 199px;" 
           title="1 failed" 
                          href="#error_summary"
        ></a>
    </td>
        </tr>
    </table>

    </td>
    <td>1</td>
    <td>0</td>
    <td>1</td>
    <td>0</td>
    <td>0</td>
    <td>0</td>

                </tr>
                <tr>
                    <td colspan="9" style="padding-left: 20px;"><div class="errorMessage">Error: Expected _result to be &quot;&quot;2&quot;&quot; with a length of 3, but &quot;2&quot; has a length of 1, differs near &quot;2&quot; (index 0).</div></td>
                </tr>
        </table>

        <h2>Scenario Summary</h2>
            <a name="f2091365062" />
            <h3>Feature: Calculator</h3>
                <div class="description"><pre>![Calculator](https://specflow.org/wp-content/uploads/2020/09/calculator.png)
Simple calculator for adding **two** numbers

Link to a feature: [Calculator](SpecFlowCalculator.Specs/Features/Calculator.feature)
***Further read***: **[Learn more about how to generate Living Documentation](https://docs.specflow.org/projects/specflow-livingdoc/en/latest/LivingDocGenerator/Generating-Documentation.html)**</pre>
                </div>
            <table class="testEvents">
                    <tr>
            <th>Test</th>
        <th colspan="2">Success rate</th>
        <th>Tests</th>
        <th>Succeeded</th>
        <th>Failed</th>
        <th>Pending</th>
        <th>Ignored</th>
        <th>Skipped</th>
            <th>Duration</th>
    </tr>

                    <tr>
                        <td>
                                    <a href="#t170374251.0">Scenario: Add two numbers</a>
            <a href="#t170374251.1">retry #1</a>
            <a href="#t170374251.2">retry #2</a>

                        </td>
                        
                            <td>
            0%
    </td>
    <td>
            <table class="timelineview" cellpadding="0" cellspacing="0">
        <tr>
    <td>
        <a class="bar colorFailed" 
           style="width: 599px;" 
           title="1 failed" 
                          href="#error_summary"
        ></a>
    </td>
        </tr>
    </table>

    </td>
    <td>1 (test executions: 3)</td>
    <td>0</td>
    <td>3</td>
    <td>0</td>
    <td>0</td>
    <td>0</td>
        <td>00:00:00.3983984</td>

                        
                    </tr>
                    <tr>
                        <td>
                                    <a href="#t-1688975704.0">Scenario: Multiple two numbers</a>
            <a href="#t-1688975704.1">retry #1</a>
            <a href="#t-1688975704.2">retry #2</a>

                        </td>
                        
                            <td>
            0%
    </td>
    <td>
            <table class="timelineview" cellpadding="0" cellspacing="0">
        <tr>
    <td>
        <a class="bar colorFailed" 
           style="width: 599px;" 
           title="1 failed" 
                          href="#error_summary"
        ></a>
    </td>
        </tr>
    </table>

    </td>
    <td>1 (test executions: 3)</td>
    <td>0</td>
    <td>3</td>
    <td>0</td>
    <td>0</td>
    <td>0</td>
        <td>00:00:00.0349829</td>

                        
                    </tr>
                    <tr>
                        <td>
                                    <a href="#t1673231772.0">Scenario: Divide two random numbers</a>

                        </td>
                        
                            <td>
            0%
    </td>
    <td>
            <table class="timelineview" cellpadding="0" cellspacing="0">
        <tr>
    <td>
        <a class="bar colorFailed" 
           style="width: 199px;" 
           title="1 failed" 
                          href="#error_summary"
        ></a>
    </td>
        </tr>
    </table>

    </td>
    <td>1</td>
    <td>0</td>
    <td>1</td>
    <td>0</td>
    <td>0</td>
    <td>0</td>
        <td>00:00:00.0137189</td>

                        
                    </tr>
                    <tr>
                        <td>
                                    <a href="#t-1301904171.0">Scenario: Divide with 0 in dividend</a>

                        </td>
                        
                            <td>
            n/a
    </td>
    <td>
            <table class="timelineview" cellpadding="0" cellspacing="0">
        <tr>
    <td>
        <a class="bar colorSkipped" 
           style="width: 199px;" 
           title="1 skipped" 
                   ></a>
    </td>
        </tr>
    </table>

    </td>
    <td>1</td>
    <td>0</td>
    <td>0</td>
    <td>0</td>
    <td>0</td>
    <td>1</td>
        <td>00:00:00.0000281</td>

                        
                    </tr>
                    <tr>
                        <td>
                                    <a href="#t1970135644.0">Scenario: Divide with 0 in divisor</a>

                        </td>
                        
                            <td>
            n/a
    </td>
    <td>
            <table class="timelineview" cellpadding="0" cellspacing="0">
        <tr>
    <td>
        <a class="bar colorSkipped" 
           style="width: 199px;" 
           title="1 skipped" 
                   ></a>
    </td>
        </tr>
    </table>

    </td>
    <td>1</td>
    <td>0</td>
    <td>0</td>
    <td>0</td>
    <td>0</td>
    <td>1</td>
        <td>00:00:00.0000042</td>

                        
                    </tr>
            </table>

        <h2>Execution Details</h2>
            <a name="t170374251.0" />
            <h3>Scenario: Add two numbers (in SpecFlowCalculator.Specs, Calculator)</h3>
                <div class="description">
                    tags: mytag
                </div>
            <ul>
                <li>Status: Failed</li>
                <li>Start time: 11/01/2022 11:55:49</li>
                <li>Execution time (sec): 0,3649186</li>
                <li>Thread: #0</li>
                <li>Error: Expected _result to be &quot;&quot;120&quot;&quot; with a length of 5, but &quot;120&quot; has a length of 3, differs near &quot;120&quot; (index 0).</li>
            </ul>
            <table class="testEvents">
                <tr>
                    <th>Steps</th>
                    <th>Trace</th>
                    <th>Result</th>
                </tr>
                    <tr>
                        <td>
                            <pre class="log">Given the first number is 50</pre>
                        </td>
                        <td>
                            <!-- [TestArrange: Scenario - Add two numbers] -->
                            <pre class="log">done: CalculatorStepDefinitions.GivenTheFirstNumberIs(&quot;50&quot;) (0,0s)</pre>
                        </td>
                        <td>Succeeded in 0.061s</td>
                    </tr>
                    <tr>
                        <td>
                            <pre class="log">And the second number is 70</pre>
                        </td>
                        <td>
                            <!-- [TestArrange: Scenario - Add two numbers] -->
                            <pre class="log">done: CalculatorStepDefinitions.GivenTheSecondNumberIs(&quot;70&quot;) (0,0s)</pre>
                        </td>
                        <td>Succeeded in 0.004s</td>
                    </tr>
                    <tr>
                        <td>
                            <pre class="log">When the two numbers are added</pre>
                        </td>
                        <td>
                            <!-- [TestAct: Scenario - Add two numbers] -->
                            <pre class="log">done: CalculatorStepDefinitions.WhenTheTwoNumbersAreAdded() (0,0s)</pre>
                        </td>
                        <td>Succeeded in 0.004s</td>
                    </tr>
                    <tr>
                        <td>
                            <pre class="log">Then the result should be &quot;120&quot;</pre>
                        </td>
                        <td>
                            <!-- [TestAssert: Scenario - Add two numbers] -->
                            <pre class="log">error: Expected _result to be &quot;&quot;120&quot;&quot; with a length of 5, but &quot;120&quot; has a length of 3, differs near &quot;120&quot; (index 0). (0,2s)</pre>
                                <div class="errorMessage">Expected _result to be &quot;&quot;120&quot;&quot; with a length of 5, but &quot;120&quot; has a length of 3, differs near &quot;120&quot; (index 0).</div>
                                <pre class="stackTrace">FluentAssertions.Execution.AssertionFailedException: Expected _result to be &quot;&quot;120&quot;&quot; with a length of 5, but &quot;120&quot; has a length of 3, differs near &quot;120&quot; (index 0).
   at FluentAssertions.Execution.FallbackTestFramework.Throw(String message) in /_/Src/FluentAssertions/Execution/FallbackTestFramework.cs:line 18
   at FluentAssertions.Execution.TestFrameworkProvider.Throw(String message) in /_/Src/FluentAssertions/Execution/TestFrameworkProvider.cs:line 33
   at FluentAssertions.Execution.DefaultAssertionStrategy.HandleFailure(String message) in /_/Src/FluentAssertions/Execution/DefaultAssertionStrategy.cs:line 26
   at FluentAssertions.Execution.AssertionScope.FailWith(Func`1 failReasonFunc) in /_/Src/FluentAssertions/Execution/AssertionScope.cs:line 273
   at FluentAssertions.Execution.AssertionScope.FailWith(Func`1 failReasonFunc) in /_/Src/FluentAssertions/Execution/AssertionScope.cs:line 243
   at FluentAssertions.Primitives.StringEqualityValidator.ValidateAgainstLengthDifferences() in /_/Src/FluentAssertions/Primitives/StringEqualityValidator.cs:line 30
   at FluentAssertions.Primitives.StringValidator.Validate() in /_/Src/FluentAssertions/Primitives/StringValidator.cs:line 44
   at FluentAssertions.Primitives.StringAssertions`1.Be(String expected, String because, Object[] becauseArgs) in /_/Src/FluentAssertions/Primitives/StringAssertions.cs:line 58
   at SpecFlowCalculator.Specs.Steps.CalculatorStepDefinitions.ThenTheResultShouldBe(String result) in C:\Users\fouca\source\repos\esgi_bdd\Calculator\SpecFlowCalculator.Specs\Steps\CalculatorStepDefinitions.cs:line 62
   at TechTalk.SpecFlow.Bindings.BindingInvoker.InvokeBinding(IBinding binding, IContextManager contextManager, Object[] arguments, ITestTracer testTracer, TimeSpan&amp; duration) in D:\a\1\s\TechTalk.SpecFlow\Bindings\BindingInvoker.cs:line 73
   at TechTalk.SpecFlow.Infrastructure.TestExecutionEngine.ExecuteStepMatch(BindingMatch match, Object[] arguments, TimeSpan&amp; duration) in D:\a\1\s\TechTalk.SpecFlow\Infrastructure\TestExecutionEngine.cs:line 618
   at TechTalk.SpecRun.SpecFlowPlugin.Runtime.RunnerTestExecutionEngine.ExecuteStepMatch(BindingMatch match, Object[] arguments, TimeSpan&amp; duration)
   at TechTalk.SpecFlow.Infrastructure.TestExecutionEngine.ExecuteStep(IContextManager contextManager, StepInstance stepInstance) in D:\a\1\s\TechTalk.SpecFlow\Infrastructure\TestExecutionEngine.cs:line 532
   at TechTalk.SpecFlow.Infrastructure.TestExecutionEngine.OnAfterLastStep() in D:\a\1\s\TechTalk.SpecFlow\Infrastructure\TestExecutionEngine.cs:line 286
   at TechTalk.SpecRun.SpecFlowPlugin.Runtime.RunnerTestExecutionEngine.OnAfterLastStep()
   at TechTalk.SpecFlow.TestRunner.CollectScenarioErrors() in D:\a\1\s\TechTalk.SpecFlow\TestRunner.cs:line 60
   at SpecFlowCalculator.Specs.Features.CalculatorFeature.ScenarioCleanup()
   at SpecFlowCalculator.Specs.Features.CalculatorFeature.AddTwoNumbers() in C:\Users\fouca\source\repos\esgi_bdd\Calculator\SpecFlowCalculator.Specs\Features\Calculator.feature:line 13
   at TechTalk.SpecRun.Framework.TaskExecutors.StaticOrInstanceMethodExecutor.ExecuteInternal(ITestThreadExecutionContext testThreadExecutionContext)
   at TechTalk.SpecRun.Framework.TaskExecutors.StaticOrInstanceMethodExecutor.Execute(ITestThreadExecutionContext testThreadExecutionContext)
   at TechTalk.SpecRun.Framework.TestNodeTask.Execute()</pre>
                        </td>
                        <td>Failed in 0.23s</td>
                    </tr>
            </table>
            <a name="t170374251.1" />
            <h3>Scenario: Add two numbers (in SpecFlowCalculator.Specs, Calculator) retry #1</h3>
                <div class="description">
                    tags: mytag
                </div>
            <ul>
                <li>Status: Failed</li>
                <li>Start time: 11/01/2022 11:55:49</li>
                <li>Execution time (sec): 0,0138539</li>
                <li>Thread: #0</li>
                <li>Error: Expected _result to be &quot;&quot;120&quot;&quot; with a length of 5, but &quot;120&quot; has a length of 3, differs near &quot;120&quot; (index 0).</li>
            </ul>
            <table class="testEvents">
                <tr>
                    <th>Steps</th>
                    <th>Trace</th>
                    <th>Result</th>
                </tr>
                    <tr>
                        <td>
                            <pre class="log">Given the first number is 50</pre>
                        </td>
                        <td>
                            <!-- [TestArrange: Scenario - Add two numbers] -->
                            <pre class="log">done: CalculatorStepDefinitions.GivenTheFirstNumberIs(&quot;50&quot;) (0,0s)</pre>
                        </td>
                        <td>Succeeded in 0.002s</td>
                    </tr>
                    <tr>
                        <td>
                            <pre class="log">And the second number is 70</pre>
                        </td>
                        <td>
                            <!-- [TestArrange: Scenario - Add two numbers] -->
                            <pre class="log">done: CalculatorStepDefinitions.GivenTheSecondNumberIs(&quot;70&quot;) (0,0s)</pre>
                        </td>
                        <td>Succeeded in 0.002s</td>
                    </tr>
                    <tr>
                        <td>
                            <pre class="log">When the two numbers are added</pre>
                        </td>
                        <td>
                            <!-- [TestAct: Scenario - Add two numbers] -->
                            <pre class="log">done: CalculatorStepDefinitions.WhenTheTwoNumbersAreAdded() (0,0s)</pre>
                        </td>
                        <td>Succeeded in 0.001s</td>
                    </tr>
                    <tr>
                        <td>
                            <pre class="log">Then the result should be &quot;120&quot;</pre>
                        </td>
                        <td>
                            <!-- [TestAssert: Scenario - Add two numbers] -->
                            <pre class="log">error: Expected _result to be &quot;&quot;120&quot;&quot; with a length of 5, but &quot;120&quot; has a length of 3, differs near &quot;120&quot; (index 0). (0,0s)</pre>
                                <div class="errorMessage">Expected _result to be &quot;&quot;120&quot;&quot; with a length of 5, but &quot;120&quot; has a length of 3, differs near &quot;120&quot; (index 0).</div>
                                <pre class="stackTrace">FluentAssertions.Execution.AssertionFailedException: Expected _result to be &quot;&quot;120&quot;&quot; with a length of 5, but &quot;120&quot; has a length of 3, differs near &quot;120&quot; (index 0).
   at FluentAssertions.Execution.FallbackTestFramework.Throw(String message) in /_/Src/FluentAssertions/Execution/FallbackTestFramework.cs:line 18
   at FluentAssertions.Execution.TestFrameworkProvider.Throw(String message) in /_/Src/FluentAssertions/Execution/TestFrameworkProvider.cs:line 33
   at FluentAssertions.Execution.DefaultAssertionStrategy.HandleFailure(String message) in /_/Src/FluentAssertions/Execution/DefaultAssertionStrategy.cs:line 26
   at FluentAssertions.Execution.AssertionScope.FailWith(Func`1 failReasonFunc) in /_/Src/FluentAssertions/Execution/AssertionScope.cs:line 273
   at FluentAssertions.Execution.AssertionScope.FailWith(Func`1 failReasonFunc) in /_/Src/FluentAssertions/Execution/AssertionScope.cs:line 243
   at FluentAssertions.Primitives.StringEqualityValidator.ValidateAgainstLengthDifferences() in /_/Src/FluentAssertions/Primitives/StringEqualityValidator.cs:line 30
   at FluentAssertions.Primitives.StringValidator.Validate() in /_/Src/FluentAssertions/Primitives/StringValidator.cs:line 44
   at FluentAssertions.Primitives.StringAssertions`1.Be(String expected, String because, Object[] becauseArgs) in /_/Src/FluentAssertions/Primitives/StringAssertions.cs:line 58
   at SpecFlowCalculator.Specs.Steps.CalculatorStepDefinitions.ThenTheResultShouldBe(String result) in C:\Users\fouca\source\repos\esgi_bdd\Calculator\SpecFlowCalculator.Specs\Steps\CalculatorStepDefinitions.cs:line 62
   at TechTalk.SpecFlow.Bindings.BindingInvoker.InvokeBinding(IBinding binding, IContextManager contextManager, Object[] arguments, ITestTracer testTracer, TimeSpan&amp; duration) in D:\a\1\s\TechTalk.SpecFlow\Bindings\BindingInvoker.cs:line 73
   at TechTalk.SpecFlow.Infrastructure.TestExecutionEngine.ExecuteStepMatch(BindingMatch match, Object[] arguments, TimeSpan&amp; duration) in D:\a\1\s\TechTalk.SpecFlow\Infrastructure\TestExecutionEngine.cs:line 618
   at TechTalk.SpecRun.SpecFlowPlugin.Runtime.RunnerTestExecutionEngine.ExecuteStepMatch(BindingMatch match, Object[] arguments, TimeSpan&amp; duration)
   at TechTalk.SpecFlow.Infrastructure.TestExecutionEngine.ExecuteStep(IContextManager contextManager, StepInstance stepInstance) in D:\a\1\s\TechTalk.SpecFlow\Infrastructure\TestExecutionEngine.cs:line 532
   at TechTalk.SpecFlow.Infrastructure.TestExecutionEngine.OnAfterLastStep() in D:\a\1\s\TechTalk.SpecFlow\Infrastructure\TestExecutionEngine.cs:line 286
   at TechTalk.SpecRun.SpecFlowPlugin.Runtime.RunnerTestExecutionEngine.OnAfterLastStep()
   at TechTalk.SpecFlow.TestRunner.CollectScenarioErrors() in D:\a\1\s\TechTalk.SpecFlow\TestRunner.cs:line 60
   at SpecFlowCalculator.Specs.Features.CalculatorFeature.ScenarioCleanup()
   at SpecFlowCalculator.Specs.Features.CalculatorFeature.AddTwoNumbers() in C:\Users\fouca\source\repos\esgi_bdd\Calculator\SpecFlowCalculator.Specs\Features\Calculator.feature:line 13
   at TechTalk.SpecRun.Framework.TaskExecutors.StaticOrInstanceMethodExecutor.ExecuteInternal(ITestThreadExecutionContext testThreadExecutionContext)
   at TechTalk.SpecRun.Framework.TaskExecutors.StaticOrInstanceMethodExecutor.Execute(ITestThreadExecutionContext testThreadExecutionContext)
   at TechTalk.SpecRun.Framework.TestNodeTask.Execute()</pre>
                        </td>
                        <td>Failed in 0.004s</td>
                    </tr>
            </table>
            <a name="t170374251.2" />
            <h3>Scenario: Add two numbers (in SpecFlowCalculator.Specs, Calculator) retry #2</h3>
                <div class="description">
                    tags: mytag
                </div>
            <ul>
                <li>Status: Failed</li>
                <li>Start time: 11/01/2022 11:55:49</li>
                <li>Execution time (sec): 0,0196259</li>
                <li>Thread: #0</li>
                <li>Error: Expected _result to be &quot;&quot;120&quot;&quot; with a length of 5, but &quot;120&quot; has a length of 3, differs near &quot;120&quot; (index 0).</li>
            </ul>
            <table class="testEvents">
                <tr>
                    <th>Steps</th>
                    <th>Trace</th>
                    <th>Result</th>
                </tr>
                    <tr>
                        <td>
                            <pre class="log">Given the first number is 50</pre>
                        </td>
                        <td>
                            <!-- [TestArrange: Scenario - Add two numbers] -->
                            <pre class="log">done: CalculatorStepDefinitions.GivenTheFirstNumberIs(&quot;50&quot;) (0,0s)</pre>
                        </td>
                        <td>Succeeded in 0.002s</td>
                    </tr>
                    <tr>
                        <td>
                            <pre class="log">And the second number is 70</pre>
                        </td>
                        <td>
                            <!-- [TestArrange: Scenario - Add two numbers] -->
                            <pre class="log">done: CalculatorStepDefinitions.GivenTheSecondNumberIs(&quot;70&quot;) (0,0s)</pre>
                        </td>
                        <td>Succeeded in 0.007s</td>
                    </tr>
                    <tr>
                        <td>
                            <pre class="log">When the two numbers are added</pre>
                        </td>
                        <td>
                            <!-- [TestAct: Scenario - Add two numbers] -->
                            <pre class="log">done: CalculatorStepDefinitions.WhenTheTwoNumbersAreAdded() (0,0s)</pre>
                        </td>
                        <td>Succeeded in 0.001s</td>
                    </tr>
                    <tr>
                        <td>
                            <pre class="log">Then the result should be &quot;120&quot;</pre>
                        </td>
                        <td>
                            <!-- [TestAssert: Scenario - Add two numbers] -->
                            <pre class="log">error: Expected _result to be &quot;&quot;120&quot;&quot; with a length of 5, but &quot;120&quot; has a length of 3, differs near &quot;120&quot; (index 0). (0,0s)</pre>
                                <div class="errorMessage">Expected _result to be &quot;&quot;120&quot;&quot; with a length of 5, but &quot;120&quot; has a length of 3, differs near &quot;120&quot; (index 0).</div>
                                <pre class="stackTrace">FluentAssertions.Execution.AssertionFailedException: Expected _result to be &quot;&quot;120&quot;&quot; with a length of 5, but &quot;120&quot; has a length of 3, differs near &quot;120&quot; (index 0).
   at FluentAssertions.Execution.FallbackTestFramework.Throw(String message) in /_/Src/FluentAssertions/Execution/FallbackTestFramework.cs:line 18
   at FluentAssertions.Execution.TestFrameworkProvider.Throw(String message) in /_/Src/FluentAssertions/Execution/TestFrameworkProvider.cs:line 33
   at FluentAssertions.Execution.DefaultAssertionStrategy.HandleFailure(String message) in /_/Src/FluentAssertions/Execution/DefaultAssertionStrategy.cs:line 26
   at FluentAssertions.Execution.AssertionScope.FailWith(Func`1 failReasonFunc) in /_/Src/FluentAssertions/Execution/AssertionScope.cs:line 273
   at FluentAssertions.Execution.AssertionScope.FailWith(Func`1 failReasonFunc) in /_/Src/FluentAssertions/Execution/AssertionScope.cs:line 243
   at FluentAssertions.Primitives.StringEqualityValidator.ValidateAgainstLengthDifferences() in /_/Src/FluentAssertions/Primitives/StringEqualityValidator.cs:line 30
   at FluentAssertions.Primitives.StringValidator.Validate() in /_/Src/FluentAssertions/Primitives/StringValidator.cs:line 44
   at FluentAssertions.Primitives.StringAssertions`1.Be(String expected, String because, Object[] becauseArgs) in /_/Src/FluentAssertions/Primitives/StringAssertions.cs:line 58
   at SpecFlowCalculator.Specs.Steps.CalculatorStepDefinitions.ThenTheResultShouldBe(String result) in C:\Users\fouca\source\repos\esgi_bdd\Calculator\SpecFlowCalculator.Specs\Steps\CalculatorStepDefinitions.cs:line 62
   at TechTalk.SpecFlow.Bindings.BindingInvoker.InvokeBinding(IBinding binding, IContextManager contextManager, Object[] arguments, ITestTracer testTracer, TimeSpan&amp; duration) in D:\a\1\s\TechTalk.SpecFlow\Bindings\BindingInvoker.cs:line 73
   at TechTalk.SpecFlow.Infrastructure.TestExecutionEngine.ExecuteStepMatch(BindingMatch match, Object[] arguments, TimeSpan&amp; duration) in D:\a\1\s\TechTalk.SpecFlow\Infrastructure\TestExecutionEngine.cs:line 618
   at TechTalk.SpecRun.SpecFlowPlugin.Runtime.RunnerTestExecutionEngine.ExecuteStepMatch(BindingMatch match, Object[] arguments, TimeSpan&amp; duration)
   at TechTalk.SpecFlow.Infrastructure.TestExecutionEngine.ExecuteStep(IContextManager contextManager, StepInstance stepInstance) in D:\a\1\s\TechTalk.SpecFlow\Infrastructure\TestExecutionEngine.cs:line 532
   at TechTalk.SpecFlow.Infrastructure.TestExecutionEngine.OnAfterLastStep() in D:\a\1\s\TechTalk.SpecFlow\Infrastructure\TestExecutionEngine.cs:line 286
   at TechTalk.SpecRun.SpecFlowPlugin.Runtime.RunnerTestExecutionEngine.OnAfterLastStep()
   at TechTalk.SpecFlow.TestRunner.CollectScenarioErrors() in D:\a\1\s\TechTalk.SpecFlow\TestRunner.cs:line 60
   at SpecFlowCalculator.Specs.Features.CalculatorFeature.ScenarioCleanup()
   at SpecFlowCalculator.Specs.Features.CalculatorFeature.AddTwoNumbers() in C:\Users\fouca\source\repos\esgi_bdd\Calculator\SpecFlowCalculator.Specs\Features\Calculator.feature:line 13
   at TechTalk.SpecRun.Framework.TaskExecutors.StaticOrInstanceMethodExecutor.ExecuteInternal(ITestThreadExecutionContext testThreadExecutionContext)
   at TechTalk.SpecRun.Framework.TaskExecutors.StaticOrInstanceMethodExecutor.Execute(ITestThreadExecutionContext testThreadExecutionContext)
   at TechTalk.SpecRun.Framework.TestNodeTask.Execute()</pre>
                        </td>
                        <td>Failed in 0.006s</td>
                    </tr>
            </table>
            <a name="t-1688975704.0" />
            <h3>Scenario: Multiple two numbers (in SpecFlowCalculator.Specs, Calculator)</h3>
            <ul>
                <li>Status: Failed</li>
                <li>Start time: 11/01/2022 11:55:49</li>
                <li>Execution time (sec): 0,0128404</li>
                <li>Thread: #0</li>
                <li>Error: Expected _result to be &quot;&quot;20&quot;&quot; with a length of 4, but &quot;20&quot; has a length of 2, differs near &quot;20&quot; (index 0).</li>
            </ul>
            <table class="testEvents">
                <tr>
                    <th>Steps</th>
                    <th>Trace</th>
                    <th>Result</th>
                </tr>
                    <tr>
                        <td>
                            <pre class="log">Given the first number is 2</pre>
                        </td>
                        <td>
                            <!-- [TestArrange: Scenario - Multiple two numbers] -->
                            <pre class="log">done: CalculatorStepDefinitions.GivenTheFirstNumberIs(&quot;2&quot;) (0,0s)</pre>
                        </td>
                        <td>Succeeded in 0.003s</td>
                    </tr>
                    <tr>
                        <td>
                            <pre class="log">And the second number is 10</pre>
                        </td>
                        <td>
                            <!-- [TestArrange: Scenario - Multiple two numbers] -->
                            <pre class="log">done: CalculatorStepDefinitions.GivenTheSecondNumberIs(&quot;10&quot;) (0,0s)</pre>
                        </td>
                        <td>Succeeded in 0.001s</td>
                    </tr>
                    <tr>
                        <td>
                            <pre class="log">When the two numbers are multiplied</pre>
                        </td>
                        <td>
                            <!-- [TestAct: Scenario - Multiple two numbers] -->
                            <pre class="log">done: CalculatorStepDefinitions.WhenTheTwoNumbersAreMultiplied() (0,0s)</pre>
                        </td>
                        <td>Succeeded in 0.002s</td>
                    </tr>
                    <tr>
                        <td>
                            <pre class="log">Then the result should be &quot;20&quot;</pre>
                        </td>
                        <td>
                            <!-- [TestAssert: Scenario - Multiple two numbers] -->
                            <pre class="log">error: Expected _result to be &quot;&quot;20&quot;&quot; with a length of 4, but &quot;20&quot; has a length of 2, differs near &quot;20&quot; (index 0). (0,0s)</pre>
                                <div class="errorMessage">Expected _result to be &quot;&quot;20&quot;&quot; with a length of 4, but &quot;20&quot; has a length of 2, differs near &quot;20&quot; (index 0).</div>
                                <pre class="stackTrace">FluentAssertions.Execution.AssertionFailedException: Expected _result to be &quot;&quot;20&quot;&quot; with a length of 4, but &quot;20&quot; has a length of 2, differs near &quot;20&quot; (index 0).
   at FluentAssertions.Execution.FallbackTestFramework.Throw(String message) in /_/Src/FluentAssertions/Execution/FallbackTestFramework.cs:line 18
   at FluentAssertions.Execution.TestFrameworkProvider.Throw(String message) in /_/Src/FluentAssertions/Execution/TestFrameworkProvider.cs:line 33
   at FluentAssertions.Execution.DefaultAssertionStrategy.HandleFailure(String message) in /_/Src/FluentAssertions/Execution/DefaultAssertionStrategy.cs:line 26
   at FluentAssertions.Execution.AssertionScope.FailWith(Func`1 failReasonFunc) in /_/Src/FluentAssertions/Execution/AssertionScope.cs:line 273
   at FluentAssertions.Execution.AssertionScope.FailWith(Func`1 failReasonFunc) in /_/Src/FluentAssertions/Execution/AssertionScope.cs:line 243
   at FluentAssertions.Primitives.StringEqualityValidator.ValidateAgainstLengthDifferences() in /_/Src/FluentAssertions/Primitives/StringEqualityValidator.cs:line 30
   at FluentAssertions.Primitives.StringValidator.Validate() in /_/Src/FluentAssertions/Primitives/StringValidator.cs:line 44
   at FluentAssertions.Primitives.StringAssertions`1.Be(String expected, String because, Object[] becauseArgs) in /_/Src/FluentAssertions/Primitives/StringAssertions.cs:line 58
   at SpecFlowCalculator.Specs.Steps.CalculatorStepDefinitions.ThenTheResultShouldBe(String result) in C:\Users\fouca\source\repos\esgi_bdd\Calculator\SpecFlowCalculator.Specs\Steps\CalculatorStepDefinitions.cs:line 62
   at TechTalk.SpecFlow.Bindings.BindingInvoker.InvokeBinding(IBinding binding, IContextManager contextManager, Object[] arguments, ITestTracer testTracer, TimeSpan&amp; duration) in D:\a\1\s\TechTalk.SpecFlow\Bindings\BindingInvoker.cs:line 73
   at TechTalk.SpecFlow.Infrastructure.TestExecutionEngine.ExecuteStepMatch(BindingMatch match, Object[] arguments, TimeSpan&amp; duration) in D:\a\1\s\TechTalk.SpecFlow\Infrastructure\TestExecutionEngine.cs:line 618
   at TechTalk.SpecRun.SpecFlowPlugin.Runtime.RunnerTestExecutionEngine.ExecuteStepMatch(BindingMatch match, Object[] arguments, TimeSpan&amp; duration)
   at TechTalk.SpecFlow.Infrastructure.TestExecutionEngine.ExecuteStep(IContextManager contextManager, StepInstance stepInstance) in D:\a\1\s\TechTalk.SpecFlow\Infrastructure\TestExecutionEngine.cs:line 532
   at TechTalk.SpecFlow.Infrastructure.TestExecutionEngine.OnAfterLastStep() in D:\a\1\s\TechTalk.SpecFlow\Infrastructure\TestExecutionEngine.cs:line 286
   at TechTalk.SpecRun.SpecFlowPlugin.Runtime.RunnerTestExecutionEngine.OnAfterLastStep()
   at TechTalk.SpecFlow.TestRunner.CollectScenarioErrors() in D:\a\1\s\TechTalk.SpecFlow\TestRunner.cs:line 60
   at SpecFlowCalculator.Specs.Features.CalculatorFeature.ScenarioCleanup()
   at SpecFlowCalculator.Specs.Features.CalculatorFeature.MultipleTwoNumbers() in C:\Users\fouca\source\repos\esgi_bdd\Calculator\SpecFlowCalculator.Specs\Features\Calculator.feature:line 19
   at TechTalk.SpecRun.Framework.TaskExecutors.StaticOrInstanceMethodExecutor.ExecuteInternal(ITestThreadExecutionContext testThreadExecutionContext)
   at TechTalk.SpecRun.Framework.TaskExecutors.StaticOrInstanceMethodExecutor.Execute(ITestThreadExecutionContext testThreadExecutionContext)
   at TechTalk.SpecRun.Framework.TestNodeTask.Execute()</pre>
                        </td>
                        <td>Failed in 0.003s</td>
                    </tr>
            </table>
            <a name="t-1688975704.1" />
            <h3>Scenario: Multiple two numbers (in SpecFlowCalculator.Specs, Calculator) retry #1</h3>
            <ul>
                <li>Status: Failed</li>
                <li>Start time: 11/01/2022 11:55:49</li>
                <li>Execution time (sec): 0,0111388</li>
                <li>Thread: #0</li>
                <li>Error: Expected _result to be &quot;&quot;20&quot;&quot; with a length of 4, but &quot;20&quot; has a length of 2, differs near &quot;20&quot; (index 0).</li>
            </ul>
            <table class="testEvents">
                <tr>
                    <th>Steps</th>
                    <th>Trace</th>
                    <th>Result</th>
                </tr>
                    <tr>
                        <td>
                            <pre class="log">Given the first number is 2</pre>
                        </td>
                        <td>
                            <!-- [TestArrange: Scenario - Multiple two numbers] -->
                            <pre class="log">done: CalculatorStepDefinitions.GivenTheFirstNumberIs(&quot;2&quot;) (0,0s)</pre>
                        </td>
                        <td>Succeeded in 0.002s</td>
                    </tr>
                    <tr>
                        <td>
                            <pre class="log">And the second number is 10</pre>
                        </td>
                        <td>
                            <!-- [TestArrange: Scenario - Multiple two numbers] -->
                            <pre class="log">done: CalculatorStepDefinitions.GivenTheSecondNumberIs(&quot;10&quot;) (0,0s)</pre>
                        </td>
                        <td>Succeeded in 0.002s</td>
                    </tr>
                    <tr>
                        <td>
                            <pre class="log">When the two numbers are multiplied</pre>
                        </td>
                        <td>
                            <!-- [TestAct: Scenario - Multiple two numbers] -->
                            <pre class="log">done: CalculatorStepDefinitions.WhenTheTwoNumbersAreMultiplied() (0,0s)</pre>
                        </td>
                        <td>Succeeded in 0.002s</td>
                    </tr>
                    <tr>
                        <td>
                            <pre class="log">Then the result should be &quot;20&quot;</pre>
                        </td>
                        <td>
                            <!-- [TestAssert: Scenario - Multiple two numbers] -->
                            <pre class="log">error: Expected _result to be &quot;&quot;20&quot;&quot; with a length of 4, but &quot;20&quot; has a length of 2, differs near &quot;20&quot; (index 0). (0,0s)</pre>
                                <div class="errorMessage">Expected _result to be &quot;&quot;20&quot;&quot; with a length of 4, but &quot;20&quot; has a length of 2, differs near &quot;20&quot; (index 0).</div>
                                <pre class="stackTrace">FluentAssertions.Execution.AssertionFailedException: Expected _result to be &quot;&quot;20&quot;&quot; with a length of 4, but &quot;20&quot; has a length of 2, differs near &quot;20&quot; (index 0).
   at FluentAssertions.Execution.FallbackTestFramework.Throw(String message) in /_/Src/FluentAssertions/Execution/FallbackTestFramework.cs:line 18
   at FluentAssertions.Execution.TestFrameworkProvider.Throw(String message) in /_/Src/FluentAssertions/Execution/TestFrameworkProvider.cs:line 33
   at FluentAssertions.Execution.DefaultAssertionStrategy.HandleFailure(String message) in /_/Src/FluentAssertions/Execution/DefaultAssertionStrategy.cs:line 26
   at FluentAssertions.Execution.AssertionScope.FailWith(Func`1 failReasonFunc) in /_/Src/FluentAssertions/Execution/AssertionScope.cs:line 273
   at FluentAssertions.Execution.AssertionScope.FailWith(Func`1 failReasonFunc) in /_/Src/FluentAssertions/Execution/AssertionScope.cs:line 243
   at FluentAssertions.Primitives.StringEqualityValidator.ValidateAgainstLengthDifferences() in /_/Src/FluentAssertions/Primitives/StringEqualityValidator.cs:line 30
   at FluentAssertions.Primitives.StringValidator.Validate() in /_/Src/FluentAssertions/Primitives/StringValidator.cs:line 44
   at FluentAssertions.Primitives.StringAssertions`1.Be(String expected, String because, Object[] becauseArgs) in /_/Src/FluentAssertions/Primitives/StringAssertions.cs:line 58
   at SpecFlowCalculator.Specs.Steps.CalculatorStepDefinitions.ThenTheResultShouldBe(String result) in C:\Users\fouca\source\repos\esgi_bdd\Calculator\SpecFlowCalculator.Specs\Steps\CalculatorStepDefinitions.cs:line 62
   at TechTalk.SpecFlow.Bindings.BindingInvoker.InvokeBinding(IBinding binding, IContextManager contextManager, Object[] arguments, ITestTracer testTracer, TimeSpan&amp; duration) in D:\a\1\s\TechTalk.SpecFlow\Bindings\BindingInvoker.cs:line 73
   at TechTalk.SpecFlow.Infrastructure.TestExecutionEngine.ExecuteStepMatch(BindingMatch match, Object[] arguments, TimeSpan&amp; duration) in D:\a\1\s\TechTalk.SpecFlow\Infrastructure\TestExecutionEngine.cs:line 618
   at TechTalk.SpecRun.SpecFlowPlugin.Runtime.RunnerTestExecutionEngine.ExecuteStepMatch(BindingMatch match, Object[] arguments, TimeSpan&amp; duration)
   at TechTalk.SpecFlow.Infrastructure.TestExecutionEngine.ExecuteStep(IContextManager contextManager, StepInstance stepInstance) in D:\a\1\s\TechTalk.SpecFlow\Infrastructure\TestExecutionEngine.cs:line 532
   at TechTalk.SpecFlow.Infrastructure.TestExecutionEngine.OnAfterLastStep() in D:\a\1\s\TechTalk.SpecFlow\Infrastructure\TestExecutionEngine.cs:line 286
   at TechTalk.SpecRun.SpecFlowPlugin.Runtime.RunnerTestExecutionEngine.OnAfterLastStep()
   at TechTalk.SpecFlow.TestRunner.CollectScenarioErrors() in D:\a\1\s\TechTalk.SpecFlow\TestRunner.cs:line 60
   at SpecFlowCalculator.Specs.Features.CalculatorFeature.ScenarioCleanup()
   at SpecFlowCalculator.Specs.Features.CalculatorFeature.MultipleTwoNumbers() in C:\Users\fouca\source\repos\esgi_bdd\Calculator\SpecFlowCalculator.Specs\Features\Calculator.feature:line 19
   at TechTalk.SpecRun.Framework.TaskExecutors.StaticOrInstanceMethodExecutor.ExecuteInternal(ITestThreadExecutionContext testThreadExecutionContext)
   at TechTalk.SpecRun.Framework.TaskExecutors.StaticOrInstanceMethodExecutor.Execute(ITestThreadExecutionContext testThreadExecutionContext)
   at TechTalk.SpecRun.Framework.TestNodeTask.Execute()</pre>
                        </td>
                        <td>Failed in 0.003s</td>
                    </tr>
            </table>
            <a name="t-1688975704.2" />
            <h3>Scenario: Multiple two numbers (in SpecFlowCalculator.Specs, Calculator) retry #2</h3>
            <ul>
                <li>Status: Failed</li>
                <li>Start time: 11/01/2022 11:55:49</li>
                <li>Execution time (sec): 0,0110037</li>
                <li>Thread: #0</li>
                <li>Error: Expected _result to be &quot;&quot;20&quot;&quot; with a length of 4, but &quot;20&quot; has a length of 2, differs near &quot;20&quot; (index 0).</li>
            </ul>
            <table class="testEvents">
                <tr>
                    <th>Steps</th>
                    <th>Trace</th>
                    <th>Result</th>
                </tr>
                    <tr>
                        <td>
                            <pre class="log">Given the first number is 2</pre>
                        </td>
                        <td>
                            <!-- [TestArrange: Scenario - Multiple two numbers] -->
                            <pre class="log">done: CalculatorStepDefinitions.GivenTheFirstNumberIs(&quot;2&quot;) (0,0s)</pre>
                        </td>
                        <td>Succeeded in 0.002s</td>
                    </tr>
                    <tr>
                        <td>
                            <pre class="log">And the second number is 10</pre>
                        </td>
                        <td>
                            <!-- [TestArrange: Scenario - Multiple two numbers] -->
                            <pre class="log">done: CalculatorStepDefinitions.GivenTheSecondNumberIs(&quot;10&quot;) (0,0s)</pre>
                        </td>
                        <td>Succeeded in 0.001s</td>
                    </tr>
                    <tr>
                        <td>
                            <pre class="log">When the two numbers are multiplied</pre>
                        </td>
                        <td>
                            <!-- [TestAct: Scenario - Multiple two numbers] -->
                            <pre class="log">done: CalculatorStepDefinitions.WhenTheTwoNumbersAreMultiplied() (0,0s)</pre>
                        </td>
                        <td>Succeeded in 0.001s</td>
                    </tr>
                    <tr>
                        <td>
                            <pre class="log">Then the result should be &quot;20&quot;</pre>
                        </td>
                        <td>
                            <!-- [TestAssert: Scenario - Multiple two numbers] -->
                            <pre class="log">error: Expected _result to be &quot;&quot;20&quot;&quot; with a length of 4, but &quot;20&quot; has a length of 2, differs near &quot;20&quot; (index 0). (0,0s)</pre>
                                <div class="errorMessage">Expected _result to be &quot;&quot;20&quot;&quot; with a length of 4, but &quot;20&quot; has a length of 2, differs near &quot;20&quot; (index 0).</div>
                                <pre class="stackTrace">FluentAssertions.Execution.AssertionFailedException: Expected _result to be &quot;&quot;20&quot;&quot; with a length of 4, but &quot;20&quot; has a length of 2, differs near &quot;20&quot; (index 0).
   at FluentAssertions.Execution.FallbackTestFramework.Throw(String message) in /_/Src/FluentAssertions/Execution/FallbackTestFramework.cs:line 18
   at FluentAssertions.Execution.TestFrameworkProvider.Throw(String message) in /_/Src/FluentAssertions/Execution/TestFrameworkProvider.cs:line 33
   at FluentAssertions.Execution.DefaultAssertionStrategy.HandleFailure(String message) in /_/Src/FluentAssertions/Execution/DefaultAssertionStrategy.cs:line 26
   at FluentAssertions.Execution.AssertionScope.FailWith(Func`1 failReasonFunc) in /_/Src/FluentAssertions/Execution/AssertionScope.cs:line 273
   at FluentAssertions.Execution.AssertionScope.FailWith(Func`1 failReasonFunc) in /_/Src/FluentAssertions/Execution/AssertionScope.cs:line 243
   at FluentAssertions.Primitives.StringEqualityValidator.ValidateAgainstLengthDifferences() in /_/Src/FluentAssertions/Primitives/StringEqualityValidator.cs:line 30
   at FluentAssertions.Primitives.StringValidator.Validate() in /_/Src/FluentAssertions/Primitives/StringValidator.cs:line 44
   at FluentAssertions.Primitives.StringAssertions`1.Be(String expected, String because, Object[] becauseArgs) in /_/Src/FluentAssertions/Primitives/StringAssertions.cs:line 58
   at SpecFlowCalculator.Specs.Steps.CalculatorStepDefinitions.ThenTheResultShouldBe(String result) in C:\Users\fouca\source\repos\esgi_bdd\Calculator\SpecFlowCalculator.Specs\Steps\CalculatorStepDefinitions.cs:line 62
   at TechTalk.SpecFlow.Bindings.BindingInvoker.InvokeBinding(IBinding binding, IContextManager contextManager, Object[] arguments, ITestTracer testTracer, TimeSpan&amp; duration) in D:\a\1\s\TechTalk.SpecFlow\Bindings\BindingInvoker.cs:line 73
   at TechTalk.SpecFlow.Infrastructure.TestExecutionEngine.ExecuteStepMatch(BindingMatch match, Object[] arguments, TimeSpan&amp; duration) in D:\a\1\s\TechTalk.SpecFlow\Infrastructure\TestExecutionEngine.cs:line 618
   at TechTalk.SpecRun.SpecFlowPlugin.Runtime.RunnerTestExecutionEngine.ExecuteStepMatch(BindingMatch match, Object[] arguments, TimeSpan&amp; duration)
   at TechTalk.SpecFlow.Infrastructure.TestExecutionEngine.ExecuteStep(IContextManager contextManager, StepInstance stepInstance) in D:\a\1\s\TechTalk.SpecFlow\Infrastructure\TestExecutionEngine.cs:line 532
   at TechTalk.SpecFlow.Infrastructure.TestExecutionEngine.OnAfterLastStep() in D:\a\1\s\TechTalk.SpecFlow\Infrastructure\TestExecutionEngine.cs:line 286
   at TechTalk.SpecRun.SpecFlowPlugin.Runtime.RunnerTestExecutionEngine.OnAfterLastStep()
   at TechTalk.SpecFlow.TestRunner.CollectScenarioErrors() in D:\a\1\s\TechTalk.SpecFlow\TestRunner.cs:line 60
   at SpecFlowCalculator.Specs.Features.CalculatorFeature.ScenarioCleanup()
   at SpecFlowCalculator.Specs.Features.CalculatorFeature.MultipleTwoNumbers() in C:\Users\fouca\source\repos\esgi_bdd\Calculator\SpecFlowCalculator.Specs\Features\Calculator.feature:line 19
   at TechTalk.SpecRun.Framework.TaskExecutors.StaticOrInstanceMethodExecutor.ExecuteInternal(ITestThreadExecutionContext testThreadExecutionContext)
   at TechTalk.SpecRun.Framework.TaskExecutors.StaticOrInstanceMethodExecutor.Execute(ITestThreadExecutionContext testThreadExecutionContext)
   at TechTalk.SpecRun.Framework.TestNodeTask.Execute()</pre>
                        </td>
                        <td>Failed in 0.003s</td>
                    </tr>
            </table>
            <a name="t1673231772.0" />
            <h3>Scenario: Divide two random numbers (in SpecFlowCalculator.Specs, Calculator)</h3>
            <ul>
                <li>Status: Failed</li>
                <li>Start time: 11/01/2022 11:55:49</li>
                <li>Execution time (sec): 0,0137189</li>
                <li>Thread: #0</li>
                <li>Error: Expected _result to be &quot;&quot;2&quot;&quot; with a length of 3, but &quot;2&quot; has a length of 1, differs near &quot;2&quot; (index 0).</li>
            </ul>
            <table class="testEvents">
                <tr>
                    <th>Steps</th>
                    <th>Trace</th>
                    <th>Result</th>
                </tr>
                    <tr>
                        <td>
                            <pre class="log">Given the first number is 50</pre>
                        </td>
                        <td>
                            <!-- [TestArrange: Scenario - Divide two random numbers] -->
                            <pre class="log">done: CalculatorStepDefinitions.GivenTheFirstNumberIs(&quot;50&quot;) (0,0s)</pre>
                        </td>
                        <td>Succeeded in 0.003s</td>
                    </tr>
                    <tr>
                        <td>
                            <pre class="log">And the second number is 25</pre>
                        </td>
                        <td>
                            <!-- [TestArrange: Scenario - Divide two random numbers] -->
                            <pre class="log">done: CalculatorStepDefinitions.GivenTheSecondNumberIs(&quot;25&quot;) (0,0s)</pre>
                        </td>
                        <td>Succeeded in 0.001s</td>
                    </tr>
                    <tr>
                        <td>
                            <pre class="log">When the two numbers are divided</pre>
                        </td>
                        <td>
                            <!-- [TestAct: Scenario - Divide two random numbers] -->
                            <pre class="log">done: CalculatorStepDefinitions.WhenTheTwoNumbersAreDivided() (0,0s)</pre>
                        </td>
                        <td>Succeeded in 0.002s</td>
                    </tr>
                    <tr>
                        <td>
                            <pre class="log">Then the result should be &quot;2&quot;</pre>
                        </td>
                        <td>
                            <!-- [TestAssert: Scenario - Divide two random numbers] -->
                            <pre class="log">error: Expected _result to be &quot;&quot;2&quot;&quot; with a length of 3, but &quot;2&quot; has a length of 1, differs near &quot;2&quot; (index 0). (0,0s)</pre>
                                <div class="errorMessage">Expected _result to be &quot;&quot;2&quot;&quot; with a length of 3, but &quot;2&quot; has a length of 1, differs near &quot;2&quot; (index 0).</div>
                                <pre class="stackTrace">FluentAssertions.Execution.AssertionFailedException: Expected _result to be &quot;&quot;2&quot;&quot; with a length of 3, but &quot;2&quot; has a length of 1, differs near &quot;2&quot; (index 0).
   at FluentAssertions.Execution.FallbackTestFramework.Throw(String message) in /_/Src/FluentAssertions/Execution/FallbackTestFramework.cs:line 18
   at FluentAssertions.Execution.TestFrameworkProvider.Throw(String message) in /_/Src/FluentAssertions/Execution/TestFrameworkProvider.cs:line 33
   at FluentAssertions.Execution.DefaultAssertionStrategy.HandleFailure(String message) in /_/Src/FluentAssertions/Execution/DefaultAssertionStrategy.cs:line 26
   at FluentAssertions.Execution.AssertionScope.FailWith(Func`1 failReasonFunc) in /_/Src/FluentAssertions/Execution/AssertionScope.cs:line 273
   at FluentAssertions.Execution.AssertionScope.FailWith(Func`1 failReasonFunc) in /_/Src/FluentAssertions/Execution/AssertionScope.cs:line 243
   at FluentAssertions.Primitives.StringEqualityValidator.ValidateAgainstLengthDifferences() in /_/Src/FluentAssertions/Primitives/StringEqualityValidator.cs:line 30
   at FluentAssertions.Primitives.StringValidator.Validate() in /_/Src/FluentAssertions/Primitives/StringValidator.cs:line 44
   at FluentAssertions.Primitives.StringAssertions`1.Be(String expected, String because, Object[] becauseArgs) in /_/Src/FluentAssertions/Primitives/StringAssertions.cs:line 58
   at SpecFlowCalculator.Specs.Steps.CalculatorStepDefinitions.ThenTheResultShouldBe(String result) in C:\Users\fouca\source\repos\esgi_bdd\Calculator\SpecFlowCalculator.Specs\Steps\CalculatorStepDefinitions.cs:line 62
   at TechTalk.SpecFlow.Bindings.BindingInvoker.InvokeBinding(IBinding binding, IContextManager contextManager, Object[] arguments, ITestTracer testTracer, TimeSpan&amp; duration) in D:\a\1\s\TechTalk.SpecFlow\Bindings\BindingInvoker.cs:line 73
   at TechTalk.SpecFlow.Infrastructure.TestExecutionEngine.ExecuteStepMatch(BindingMatch match, Object[] arguments, TimeSpan&amp; duration) in D:\a\1\s\TechTalk.SpecFlow\Infrastructure\TestExecutionEngine.cs:line 618
   at TechTalk.SpecRun.SpecFlowPlugin.Runtime.RunnerTestExecutionEngine.ExecuteStepMatch(BindingMatch match, Object[] arguments, TimeSpan&amp; duration)
   at TechTalk.SpecFlow.Infrastructure.TestExecutionEngine.ExecuteStep(IContextManager contextManager, StepInstance stepInstance) in D:\a\1\s\TechTalk.SpecFlow\Infrastructure\TestExecutionEngine.cs:line 532
   at TechTalk.SpecFlow.Infrastructure.TestExecutionEngine.OnAfterLastStep() in D:\a\1\s\TechTalk.SpecFlow\Infrastructure\TestExecutionEngine.cs:line 286
   at TechTalk.SpecRun.SpecFlowPlugin.Runtime.RunnerTestExecutionEngine.OnAfterLastStep()
   at TechTalk.SpecFlow.TestRunner.CollectScenarioErrors() in D:\a\1\s\TechTalk.SpecFlow\TestRunner.cs:line 60
   at SpecFlowCalculator.Specs.Features.CalculatorFeature.ScenarioCleanup()
   at SpecFlowCalculator.Specs.Features.CalculatorFeature.DivideTwoRandomNumbers() in C:\Users\fouca\source\repos\esgi_bdd\Calculator\SpecFlowCalculator.Specs\Features\Calculator.feature:line 25
   at TechTalk.SpecRun.Framework.TaskExecutors.StaticOrInstanceMethodExecutor.ExecuteInternal(ITestThreadExecutionContext testThreadExecutionContext)
   at TechTalk.SpecRun.Framework.TaskExecutors.StaticOrInstanceMethodExecutor.Execute(ITestThreadExecutionContext testThreadExecutionContext)
   at TechTalk.SpecRun.Framework.TestNodeTask.Execute()</pre>
                        </td>
                        <td>Failed in 0.003s</td>
                    </tr>
            </table>
            <a name="t-1301904171.0" />
            <h3>Scenario: Divide with 0 in dividend (in SpecFlowCalculator.Specs, Calculator)</h3>
            <ul>
                <li>Status: Skipped</li>
                <li>Start time: 11/01/2022 11:55:49</li>
                <li>Execution time (sec): 2,81E-05</li>
                <li>Thread: #-1</li>
            </ul>
            <table class="testEvents">
                <tr>
                    <th>Steps</th>
                    <th>Trace</th>
                    <th>Result</th>
                </tr>
            </table>
            <a name="t1970135644.0" />
            <h3>Scenario: Divide with 0 in divisor (in SpecFlowCalculator.Specs, Calculator)</h3>
            <ul>
                <li>Status: Skipped</li>
                <li>Start time: 11/01/2022 11:55:49</li>
                <li>Execution time (sec): 4,2E-06</li>
                <li>Thread: #-1</li>
            </ul>
            <table class="testEvents">
                <tr>
                    <th>Steps</th>
                    <th>Trace</th>
                    <th>Result</th>
                </tr>
            </table>
	</body>
</html>